d:\myproject\mfc\toeic3000\mfcapplication\mfcapplication\debug\mfcapplication.pch
d:\myproject\mfc\toeic3000\mfcapplication\mfcapplication\debug\vc120.pdb
d:\myproject\mfc\toeic3000\mfcapplication\mfcapplication\debug\vc120.idb
d:\myproject\mfc\toeic3000\mfcapplication\mfcapplication\debug\stdafx.obj
d:\myproject\mfc\toeic3000\mfcapplication\mfcapplication\debug\mfcapplication.obj
d:\myproject\mfc\toeic3000\mfcapplication\mfcapplication\debug\mfcapplicationdlg.obj
d:\myproject\mfc\toeic3000\mfcapplication\mfcapplication\debug\functions.obj
d:\myproject\mfc\toeic3000\mfcapplication\mfcapplication\debug\test_dlg.obj
d:\myproject\mfc\toeic3000\mfcapplication\mfcapplication\debug\mfcapplication.res
d:\myproject\mfc\toeic3000\mfcapplication\debug\mfcapplication.pdb
d:\myproject\mfc\toeic3000\mfcapplication\mfcapplication\debug\mfcapplication.tlog\cl.command.1.tlog
d:\myproject\mfc\toeic3000\mfcapplication\mfcapplication\debug\mfcapplication.tlog\cl.read.1.tlog
d:\myproject\mfc\toeic3000\mfcapplication\mfcapplication\debug\mfcapplication.tlog\cl.write.1.tlog
d:\myproject\mfc\toeic3000\mfcapplication\mfcapplication\debug\mfcapplication.tlog\link-cvtres.read.1.tlog
d:\myproject\mfc\toeic3000\mfcapplication\mfcapplication\debug\mfcapplication.tlog\link-cvtres.write.1.tlog
d:\myproject\mfc\toeic3000\mfcapplication\mfcapplication\debug\mfcapplication.tlog\link-mt.read.1.tlog
d:\myproject\mfc\toeic3000\mfcapplication\mfcapplication\debug\mfcapplication.tlog\link-mt.write.1.tlog
d:\myproject\mfc\toeic3000\mfcapplication\mfcapplication\debug\mfcapplication.tlog\link-rc.read.1.tlog
d:\myproject\mfc\toeic3000\mfcapplication\mfcapplication\debug\mfcapplication.tlog\link-rc.write.1.tlog
d:\myproject\mfc\toeic3000\mfcapplication\mfcapplication\debug\mfcapplication.tlog\link.6364-cvtres.read.1.tlog
d:\myproject\mfc\toeic3000\mfcapplication\mfcapplication\debug\mfcapplication.tlog\link.6364-cvtres.write.1.tlog
d:\myproject\mfc\toeic3000\mfcapplication\mfcapplication\debug\mfcapplication.tlog\link.6364-mt.read.1.tlog
d:\myproject\mfc\toeic3000\mfcapplication\mfcapplication\debug\mfcapplication.tlog\link.6364-mt.write.1.tlog
d:\myproject\mfc\toeic3000\mfcapplication\mfcapplication\debug\mfcapplication.tlog\link.6364-rc.read.1.tlog
d:\myproject\mfc\toeic3000\mfcapplication\mfcapplication\debug\mfcapplication.tlog\link.6364-rc.write.1.tlog
d:\myproject\mfc\toeic3000\mfcapplication\mfcapplication\debug\mfcapplication.tlog\link.6364.read.1.tlog
d:\myproject\mfc\toeic3000\mfcapplication\mfcapplication\debug\mfcapplication.tlog\link.6364.write.1.tlog
d:\myproject\mfc\toeic3000\mfcapplication\mfcapplication\debug\mfcapplication.tlog\link.command.1.tlog
d:\myproject\mfc\toeic3000\mfcapplication\mfcapplication\debug\mfcapplication.tlog\link.read.1.tlog
d:\myproject\mfc\toeic3000\mfcapplication\mfcapplication\debug\mfcapplication.tlog\link.write.1.tlog
d:\myproject\mfc\toeic3000\mfcapplication\mfcapplication\debug\mfcapplication.tlog\rc.command.1.tlog
d:\myproject\mfc\toeic3000\mfcapplication\mfcapplication\debug\mfcapplication.tlog\rc.read.1.tlog
d:\myproject\mfc\toeic3000\mfcapplication\mfcapplication\debug\mfcapplication.tlog\rc.write.1.tlog
