Build started 2016/6/14 下午 07:31:27.
     1>Project "D:\Myproject\MFC\TOEIC3000\TOEIC3000\TOEICproject\MFCApplication\MFCApplication.vcxproj" on node 2 (Build target(s)).
     1>ClCompile:
         C:\Program Files (x86)\Microsoft Visual Studio 12.0\VC\bin\CL.exe /c /Zi /nologo /W3 /WX- /sdl /O2 /Oi /Oy- /GL /D WIN32 /D _WINDOWS /D _CRT_SECURE_NO_WARNINGS /D NDEBUG /D _UNICODE /D UNICODE /D _AFXDLL /Gm- /EHsc /MD /GS /Gy /fp:precise /Zc:wchar_t /Zc:forScope /Yu"stdafx.h" /Fp"Release\MFCApplication.pch" /Fo"Release\\" /Fd"Release\vc120.pdb" /Gd /TP /analyze- /errorReport:prompt MFCApplicationDlg.cpp
         MFCApplicationDlg.cpp
       Link:
         C:\Program Files (x86)\Microsoft Visual Studio 12.0\VC\bin\link.exe /ERRORREPORT:PROMPT /OUT:"D:\Myproject\MFC\TOEIC3000\TOEIC3000\TOEICproject\Release\MFCApplication.exe" /INCREMENTAL:NO /NOLOGO VFW32.lib /MANIFEST /MANIFESTUAC:"level='asInvoker' uiAccess='false'" /manifest:embed /manifestinput:"C:\Program Files (x86)\Microsoft Visual Studio 12.0\VC\Include\Manifest\dpiaware.manifest" /PDB:"D:\Myproject\MFC\TOEIC3000\TOEIC3000\TOEICproject\Release\MFCApplication.pdb" /SUBSYSTEM:WINDOWS /OPT:REF /OPT:ICF /LTCG /TLBID:1 /ENTRY:"wWinMainCRTStartup" /DYNAMICBASE /NXCOMPAT /IMPLIB:"D:\Myproject\MFC\TOEIC3000\TOEIC3000\TOEICproject\Release\MFCApplication.lib" /MACHINE:X86 /SAFESEH Release\MFCApplication.res
         Release\MFCApplication.obj
         Release\MFCApplicationDlg.obj
         Release\saveDlg.obj
         Release\stdafx.obj
         Release\test_Dlg.obj
         Release\vocabulary.obj
         Release\voiceDlg.obj
         Generating code
         Finished generating code
         MFCApplication.vcxproj -> D:\Myproject\MFC\TOEIC3000\TOEIC3000\TOEICproject\Release\MFCApplication.exe
     1>Done Building Project "D:\Myproject\MFC\TOEIC3000\TOEIC3000\TOEICproject\MFCApplication\MFCApplication.vcxproj" (Build target(s)).

Build succeeded.

Time Elapsed 00:00:03.54
